<!DOCTYPE aspectwerkz PUBLIC
    "-//AspectWerkz//DTD//EN"
    "http://aspectwerkz.codehaus.org/dtd/aspectwerkz.dtd">
<aspectwerkz>
    <system id="tests">
        <package name="test.attribdef.aspect">
            <use-aspect class="MemberMethodTestAspect"/>
            <use-aspect class="StaticMethodTestAspect"/>
            <use-aspect class="FieldTestAspect"/>
        </package>
    </system>
</aspectwerkz>
