<!DOCTYPE aspectwerkz PUBLIC
    "-//AspectWerkz//DTD//EN"
    "http://aspectwerkz.codehaus.org/dtd/aspectwerkz.dtd">

<aspectwerkz>
    <system id="tests">
        <package name="test.attribdef.aspect">
            <use-aspect class="MemberMethodTestAspect"/>
            <use-aspect class="StaticMethodTestAspect"/>
            <use-aspect class="FieldTestAspect"/>
            <use-aspect class="CallerSideTestAspect"/>
            <use-aspect class="CFlowTestAspect"/>
            <use-aspect class="IntroductionTestAspect"/>
            <use-aspect class="DynamicDeploymentTestAspect"/>
        </package>
    </system>
</aspectwerkz>
