<!--<!DOCTYPE aspectwerkz PUBLIC-->
<!--    "-//AspectWerkz//DTD//EN"-->
<!--    "http://aspectwerkz.codehaus.org/dtd/aspectwerkz.dtd">-->
<aspectwerkz>
    <system id="tests">
        <exclude package="test.attribdeff"/>
        <package name="test.aspect">
            <aspect class="MemberMethodTestAspect"/>
            <aspect class="StaticMethodTestAspect"/>
            <aspect class="FieldTestAspect"/>
            <aspect class="CallerSideTestAspect"/>
            <aspect class="CFlowTestAspect"/>
            <aspect class="IntroductionTestAspect"/>
            <aspect class="DynamicDeploymentTestAspect"/>
        </package>
        <package name="test.performance">
            <aspect class="PerJVMPerformanceAspect" deployment-model="perClass"/>
            <aspect class="PerClassPerformanceAspect" deployment-model="perClass"/>
            <aspect class="PerInstancePerformanceAspect" deployment-model="perInstance"/>
            <aspect class="PerThreadPerformanceAspect" deployment-model="perThread"/>
        </package>
        <aspect class="test.mixindeployment.IntroductionDeploymentAspect"/>
        <aspect class="test.abstractclass.TestAspect"/>
        <aspect class="test.hierarchicalpattern.TestAspect"/>
        <aspect class="test.pointcutexpression.TestAspect"/>
        <aspect class="test.clapp.TestAspect" deployment-model="perInstance"/>
        <aspect class="test.reflection.TestAspect"/>
        <aspect class="test.staticfield.TestAspect"/>
        <aspect class="test.superclassconstructor.TestAspect"/>
    </system>
</aspectwerkz>
